c:\users\jester\documents\vc\pgm\pgm\pgm\debug\pgm.pch
c:\users\jester\documents\vc\pgm\pgm\pgm\debug\vc140.pdb
c:\users\jester\documents\vc\pgm\pgm\pgm\debug\vc140.idb
c:\users\jester\documents\vc\pgm\pgm\pgm\debug\stdafx.obj
c:\users\jester\documents\vc\pgm\pgm\pgm\debug\wizarddlg.obj
c:\users\jester\documents\vc\pgm\pgm\pgm\debug\mainfrm.obj
c:\users\jester\documents\vc\pgm\pgm\pgm\debug\pgm.obj
c:\users\jester\documents\vc\pgm\pgm\pgm\debug\pgmdoc.obj
c:\users\jester\documents\vc\pgm\pgm\pgm\debug\pgmview.obj
c:\users\jester\documents\vc\pgm\pgm\debug\pgm.ilk
c:\users\jester\documents\vc\pgm\pgm\debug\pgm.exe
c:\users\jester\documents\vc\pgm\pgm\debug\pgm.pdb
c:\users\jester\documents\vc\pgm\pgm\pgm\debug\pgm.res
c:\users\jester\documents\vc\pgm\pgm\pgm\debug\pgm.tlog\cl.command.1.tlog
c:\users\jester\documents\vc\pgm\pgm\pgm\debug\pgm.tlog\cl.read.1.tlog
c:\users\jester\documents\vc\pgm\pgm\pgm\debug\pgm.tlog\cl.write.1.tlog
c:\users\jester\documents\vc\pgm\pgm\pgm\debug\pgm.tlog\link.command.1.tlog
c:\users\jester\documents\vc\pgm\pgm\pgm\debug\pgm.tlog\link.read.1.tlog
c:\users\jester\documents\vc\pgm\pgm\pgm\debug\pgm.tlog\link.write.1.tlog
c:\users\jester\documents\vc\pgm\pgm\pgm\debug\pgm.tlog\rc.command.1.tlog
c:\users\jester\documents\vc\pgm\pgm\pgm\debug\pgm.tlog\rc.read.1.tlog
c:\users\jester\documents\vc\pgm\pgm\pgm\debug\pgm.tlog\rc.write.1.tlog
