  MainFrm.cpp
  PGM.cpp
  PGMDoc.cpp
  PGMView.cpp
C:\Users\Jester\Documents\GitHub\PGM\PGMView.cpp(86,20): warning C4018: '<=': signed と unsigned の数値を比較しようとしました。
C:\Users\Jester\Documents\GitHub\PGM\PGMView.cpp(89,21): warning C4018: '<': signed と unsigned の数値を比較しようとしました。
C:\Users\Jester\Documents\GitHub\PGM\PGMView.cpp(91,21): warning C4018: '<': signed と unsigned の数値を比較しようとしました。
C:\Users\Jester\Documents\GitHub\PGM\PGMView.cpp(92,22): warning C4018: '<': signed と unsigned の数値を比較しようとしました。
C:\Users\Jester\Documents\GitHub\PGM\PGMView.cpp(107,18): warning C4018: '<': signed と unsigned の数値を比較しようとしました。
C:\Users\Jester\Documents\GitHub\PGM\PGMView.cpp(108,21): warning C4018: '<': signed と unsigned の数値を比較しようとしました。
C:\Users\Jester\Documents\GitHub\PGM\PGMView.cpp(109,22): warning C4018: '<': signed と unsigned の数値を比較しようとしました。
C:\Users\Jester\Documents\GitHub\PGM\PGMView.cpp(113,17): warning C4018: '<': signed と unsigned の数値を比較しようとしました。
C:\Users\Jester\Documents\GitHub\PGM\PGMView.cpp(114,20): warning C4018: '<': signed と unsigned の数値を比較しようとしました。
C:\Users\Jester\Documents\GitHub\PGM\PGMView.cpp(274,17): warning C4018: '<': signed と unsigned の数値を比較しようとしました。
C:\Users\Jester\Documents\GitHub\PGM\PGMView.cpp(275,18): warning C4018: '<': signed と unsigned の数値を比較しようとしました。
C:\Users\Jester\Documents\GitHub\PGM\PGMView.cpp(277,21): warning C4018: '<': signed と unsigned の数値を比較しようとしました。
C:\Users\Jester\Documents\GitHub\PGM\PGMView.cpp(278,22): warning C4018: '<': signed と unsigned の数値を比較しようとしました。
C:\Users\Jester\Documents\GitHub\PGM\PGMView.cpp(285,20): warning C4018: '<': signed と unsigned の数値を比較しようとしました。
C:\Users\Jester\Documents\GitHub\PGM\PGMView.cpp(286,21): warning C4018: '<': signed と unsigned の数値を比較しようとしました。
C:\Users\Jester\Documents\GitHub\PGM\PGMView.cpp(291,19): warning C4018: '<': signed と unsigned の数値を比較しようとしました。
C:\Users\Jester\Documents\GitHub\PGM\PGMView.cpp(292,21): warning C4018: '<': signed と unsigned の数値を比較しようとしました。
C:\Users\Jester\Documents\GitHub\PGM\PGMView.cpp(297,18): warning C4018: '<': signed と unsigned の数値を比較しようとしました。
C:\Users\Jester\Documents\GitHub\PGM\PGMView.cpp(299,16): warning C4018: '<': signed と unsigned の数値を比較しようとしました。
C:\Users\Jester\Documents\GitHub\PGM\PGMView.cpp(300,19): warning C4018: '<': signed と unsigned の数値を比較しようとしました。
C:\Users\Jester\Documents\GitHub\PGM\PGMView.cpp(302,18): warning C4018: '<': signed と unsigned の数値を比較しようとしました。
C:\Users\Jester\Documents\GitHub\PGM\PGMView.cpp(335,18): warning C4018: '<': signed と unsigned の数値を比較しようとしました。
C:\Users\Jester\Documents\GitHub\PGM\PGMView.cpp(336,19): warning C4018: '<': signed と unsigned の数値を比較しようとしました。
C:\Users\Jester\Documents\GitHub\PGM\PGMView.cpp(346,29): warning C4018: '>': signed と unsigned の数値を比較しようとしました。
C:\Users\Jester\Documents\GitHub\PGM\PGMView.cpp(350,18): warning C4018: '<': signed と unsigned の数値を比較しようとしました。
C:\Users\Jester\Documents\GitHub\PGM\PGMView.cpp(467,18): warning C4018: '<': signed と unsigned の数値を比較しようとしました。
C:\Users\Jester\Documents\GitHub\PGM\PGMView.cpp(468,19): warning C4018: '<': signed と unsigned の数値を比較しようとしました。
C:\Users\Jester\Documents\GitHub\PGM\PGMView.cpp(473,18): warning C4018: '<': signed と unsigned の数値を比較しようとしました。
C:\Users\Jester\Documents\GitHub\PGM\PGMView.cpp(486,18): warning C4018: '<': signed と unsigned の数値を比較しようとしました。
C:\Users\Jester\Documents\GitHub\PGM\PGMView.cpp(487,19): warning C4018: '<': signed と unsigned の数値を比較しようとしました。
C:\Users\Jester\Documents\GitHub\PGM\PGMView.cpp(492,18): warning C4018: '<': signed と unsigned の数値を比較しようとしました。
C:\Users\Jester\Documents\GitHub\PGM\PGMView.cpp(516,70): warning C4018: '<': signed と unsigned の数値を比較しようとしました。
C:\Users\Jester\Documents\GitHub\PGM\PGMView.cpp(516,106): warning C4018: '<': signed と unsigned の数値を比較しようとしました。
C:\Users\Jester\Documents\GitHub\PGM\PGMView.cpp(519,33): warning C4018: '<': signed と unsigned の数値を比較しようとしました。
C:\Users\Jester\Documents\GitHub\PGM\PGMView.cpp(521,30): warning C4018: '<=': signed と unsigned の数値を比較しようとしました。
C:\Users\Jester\Documents\GitHub\PGM\PGMView.cpp(538,19): warning C4018: '<': signed と unsigned の数値を比較しようとしました。
C:\Users\Jester\Documents\GitHub\PGM\PGMView.cpp(540,49): warning C4018: '<': signed と unsigned の数値を比較しようとしました。
C:\Users\Jester\Documents\GitHub\PGM\PGMView.cpp(541,29): warning C4018: '<': signed と unsigned の数値を比較しようとしました。
C:\Users\Jester\Documents\GitHub\PGM\PGMView.cpp(553,48): warning C4018: '<': signed と unsigned の数値を比較しようとしました。
C:\Users\Jester\Documents\GitHub\PGM\PGMView.cpp(554,28): warning C4018: '<': signed と unsigned の数値を比較しようとしました。
C:\Users\Jester\Documents\GitHub\PGM\PGMView.cpp(585,25): warning C4244: '+=': 'double' から 'int' への変換です。データが失われる可能性があります。
C:\Users\Jester\Documents\GitHub\PGM\PGMView.cpp(603,21): warning C4018: '>=': signed と unsigned の数値を比較しようとしました。
C:\Users\Jester\Documents\GitHub\PGM\PGMView.cpp(610,19): warning C4018: '>=': signed と unsigned の数値を比較しようとしました。
C:\Users\Jester\Documents\GitHub\PGM\PGMView.cpp(631,21): warning C4018: '>=': signed と unsigned の数値を比較しようとしました。
C:\Users\Jester\Documents\GitHub\PGM\PGMView.cpp(638,19): warning C4018: '>=': signed と unsigned の数値を比較しようとしました。
C:\Users\Jester\Documents\GitHub\PGM\PGMView.cpp(661,21): warning C4018: '>=': signed と unsigned の数値を比較しようとしました。
C:\Users\Jester\Documents\GitHub\PGM\PGMView.cpp(667,20): warning C4018: '>=': signed と unsigned の数値を比較しようとしました。
C:\Users\Jester\Documents\GitHub\PGM\PGMView.cpp(688,21): warning C4018: '>=': signed と unsigned の数値を比較しようとしました。
C:\Users\Jester\Documents\GitHub\PGM\PGMView.cpp(695,19): warning C4018: '>=': signed と unsigned の数値を比較しようとしました。
C:\Users\Jester\Documents\GitHub\PGM\PGMView.cpp(715,21): warning C4018: '>=': signed と unsigned の数値を比較しようとしました。
C:\Users\Jester\Documents\GitHub\PGM\PGMView.cpp(722,19): warning C4018: '>=': signed と unsigned の数値を比較しようとしました。
C:\Users\Jester\Documents\GitHub\PGM\PGMView.cpp(741,21): warning C4018: '>=': signed と unsigned の数値を比較しようとしました。
C:\Users\Jester\Documents\GitHub\PGM\PGMView.cpp(748,19): warning C4018: '>=': signed と unsigned の数値を比較しようとしました。
C:\Users\Jester\Documents\GitHub\PGM\PGMView.cpp(765,26): warning C4018: '>=': signed と unsigned の数値を比較しようとしました。
C:\Users\Jester\Documents\GitHub\PGM\PGMView.cpp(886,15): warning C4018: '<': signed と unsigned の数値を比較しようとしました。
C:\Users\Jester\Documents\GitHub\PGM\PGMView.cpp(888,16): warning C4018: '<': signed と unsigned の数値を比較しようとしました。
C:\Users\Jester\Documents\GitHub\PGM\PGMView.cpp(889,17): warning C4018: '<': signed と unsigned の数値を比較しようとしました。
C:\Users\Jester\Documents\GitHub\PGM\PGMView.cpp(892,15): warning C4018: '<': signed と unsigned の数値を比較しようとしました。
  stdafx.cpp
  WizardDlg.cpp
  コードを生成中...
LINK : warning LNK4075: /INCREMENTAL は /OPT:ICF の指定によって無視されます。
  PGM.vcxproj -> C:\Users\Jester\Documents\GitHub\PGM\Release\PGM.exe
