c:\users\jester\documents\vc\pgm\pgm\pgm\release\pgm.pch
c:\users\jester\documents\vc\pgm\pgm\pgm\release\vc140.pdb
c:\users\jester\documents\vc\pgm\pgm\pgm\release\stdafx.obj
c:\users\jester\documents\vc\pgm\pgm\pgm\release\pgmview.obj
c:\users\jester\documents\vc\pgm\pgm\pgm\release\pgmdoc.obj
c:\users\jester\documents\vc\pgm\pgm\pgm\release\pgm.obj
c:\users\jester\documents\vc\pgm\pgm\pgm\release\mainfrm.obj
c:\users\jester\documents\vc\pgm\pgm\release\pgm.exe
c:\users\jester\documents\vc\pgm\pgm\release\pgm.ipdb
c:\users\jester\documents\vc\pgm\pgm\release\pgm.iobj
c:\users\jester\documents\vc\pgm\pgm\release\pgm.pdb
c:\users\jester\documents\vc\pgm\pgm\pgm\release\pgm.res
c:\users\jester\documents\vc\pgm\pgm\pgm\release\pgm.tlog\cl.command.1.tlog
c:\users\jester\documents\vc\pgm\pgm\pgm\release\pgm.tlog\cl.read.1.tlog
c:\users\jester\documents\vc\pgm\pgm\pgm\release\pgm.tlog\cl.write.1.tlog
c:\users\jester\documents\vc\pgm\pgm\pgm\release\pgm.tlog\link.command.1.tlog
c:\users\jester\documents\vc\pgm\pgm\pgm\release\pgm.tlog\link.read.1.tlog
c:\users\jester\documents\vc\pgm\pgm\pgm\release\pgm.tlog\link.write.1.tlog
c:\users\jester\documents\vc\pgm\pgm\pgm\release\pgm.tlog\rc.command.1.tlog
c:\users\jester\documents\vc\pgm\pgm\pgm\release\pgm.tlog\rc.read.1.tlog
c:\users\jester\documents\vc\pgm\pgm\pgm\release\pgm.tlog\rc.write.1.tlog
